<?xml version="1.0" encoding="UTF-8"?>
<testsuite name="com.phonebook.tests.AddContactsTests" tests="1" skipped="0" failures="0" errors="0" timestamp="2024-04-10T09:17:54" hostname="LENOVO-PC" time="4.393">
  <properties/>
  <testcase name="addContactPositiveTest" classname="com.phonebook.tests.AddContactsTests" time="4.393"/>
  <system-out><![CDATA[]]></system-out>
  <system-err><![CDATA[]]></system-err>
</testsuite>
